2022-07-09 00:47:28,758 - Initializing Velocity, Calling init()...
2022-07-09 00:47:28,759 - Starting Apache Velocity v1.7 (compiled: 2010-11-19 12:14:37)
2022-07-09 00:47:28,759 - Default Properties File: org\apache\velocity\runtime\defaults\velocity.properties
2022-07-09 00:47:28,759 - Trying to use logger class org.apache.velocity.runtime.log.AvalonLogChute
2022-07-09 00:47:28,759 - Target log system for org.apache.velocity.runtime.log.AvalonLogChute is not available (java.lang.NoClassDefFoundError: org/apache/log/format/Formatter).  Falling back to next log system...
2022-07-09 00:47:28,759 - Trying to use logger class org.apache.velocity.runtime.log.Log4JLogChute
2022-07-09 00:47:28,759 - Using logger class org.apache.velocity.runtime.log.Log4JLogChute
2022-07-09 00:47:28,761 - ResourceLoader instantiated: org.apache.velocity.runtime.resource.loader.ClasspathResourceLoader
2022-07-09 00:47:28,767 - ResourceCache: initialized (class org.apache.velocity.runtime.resource.ResourceCacheImpl) with class java.util.Collections$SynchronizedMap cache map.
2022-07-09 00:47:28,768 - Loaded System Directive: org.apache.velocity.runtime.directive.Stop
2022-07-09 00:47:28,769 - Loaded System Directive: org.apache.velocity.runtime.directive.Define
2022-07-09 00:47:28,769 - Loaded System Directive: org.apache.velocity.runtime.directive.Break
2022-07-09 00:47:28,769 - Loaded System Directive: org.apache.velocity.runtime.directive.Evaluate
2022-07-09 00:47:28,769 - Loaded System Directive: org.apache.velocity.runtime.directive.Literal
2022-07-09 00:47:28,770 - Loaded System Directive: org.apache.velocity.runtime.directive.Macro
2022-07-09 00:47:28,770 - Loaded System Directive: org.apache.velocity.runtime.directive.Parse
2022-07-09 00:47:28,771 - Loaded System Directive: org.apache.velocity.runtime.directive.Include
2022-07-09 00:47:28,771 - Loaded System Directive: org.apache.velocity.runtime.directive.Foreach
2022-07-09 00:47:28,784 - Created '20' parsers.
2022-07-09 00:47:28,787 - Velocimacro : "velocimacro.library" is not set.  Trying default library: VM_global_library.vm
2022-07-09 00:47:28,787 - Could not load resource 'VM_global_library.vm' from ResourceLoader org.apache.velocity.runtime.resource.loader.ClasspathResourceLoader: ClasspathResourceLoader Error: cannot find resource VM_global_library.vm
2022-07-09 00:47:28,787 - Velocimacro : Default library not found.
2022-07-09 00:47:28,787 - Velocimacro : allowInline = true : VMs can be defined inline in templates
2022-07-09 00:47:28,787 - Velocimacro : allowInlineToOverride = false : VMs defined inline may NOT replace previous VM definitions
2022-07-09 00:47:28,787 - Velocimacro : allowInlineLocal = false : VMs defined inline will be global in scope if allowed.
2022-07-09 00:47:28,787 - Velocimacro : autoload off : VM system will not automatically reload global library macros
2022-07-09 00:47:28,831 - ResourceManager : found templates/generators/errorpage.vm with loader org.apache.velocity.runtime.resource.loader.ClasspathResourceLoader
2022-07-09 00:47:28,834 - ResourceManager : found /templates/headers.vm with loader org.apache.velocity.runtime.resource.loader.ClasspathResourceLoader
2022-07-09 00:47:28,835 - ResourceManager : found /templates/head.vm with loader org.apache.velocity.runtime.resource.loader.ClasspathResourceLoader
2022-07-09 00:47:28,836 - Velocimacro : added VM stringArray: source=/templates/macros/array.js.vm
2022-07-09 00:47:28,836 - Velocimacro : added VM numberArray: source=/templates/macros/array.js.vm
2022-07-09 00:47:28,836 - ResourceManager : found /templates/macros/array.js.vm with loader org.apache.velocity.runtime.resource.loader.ClasspathResourceLoader
2022-07-09 00:47:28,838 - Velocimacro : added VM includeBuildInfo: source=/templates/macros/page/buildinfo.vm
2022-07-09 00:47:28,838 - ResourceManager : found /templates/macros/page/buildinfo.vm with loader org.apache.velocity.runtime.resource.loader.ClasspathResourceLoader
2022-07-09 00:47:28,840 - Velocimacro : added VM includeClassifications: source=/templates/macros/page/classifications.vm
2022-07-09 00:47:28,840 - ResourceManager : found /templates/macros/page/classifications.vm with loader org.apache.velocity.runtime.resource.loader.ClasspathResourceLoader
2022-07-09 00:47:28,840 - Velocimacro : added VM includeLead: source=/templates/macros/page/lead.vm
2022-07-09 00:47:28,840 - ResourceManager : found /templates/macros/page/lead.vm with loader org.apache.velocity.runtime.resource.loader.ClasspathResourceLoader
2022-07-09 00:47:28,841 - Velocimacro : added VM includeNavigation: source=/templates/macros/page/navigation.vm
2022-07-09 00:47:28,841 - ResourceManager : found /templates/macros/page/navigation.vm with loader org.apache.velocity.runtime.resource.loader.ClasspathResourceLoader
2022-07-09 00:47:28,842 - Velocimacro : added VM includeReportInfo: source=/templates/macros/page/reportInfo.vm
2022-07-09 00:47:28,842 - ResourceManager : found /templates/macros/page/reportInfo.vm with loader org.apache.velocity.runtime.resource.loader.ClasspathResourceLoader
2022-07-09 00:47:28,843 - Velocimacro : added VM includeTitle: source=/templates/macros/page/title.vm
2022-07-09 00:47:28,843 - ResourceManager : found /templates/macros/page/title.vm with loader org.apache.velocity.runtime.resource.loader.ClasspathResourceLoader
2022-07-09 00:47:28,843 - Velocimacro : added VM includeExpandingButtons: source=/templates/macros/report/expandAllButtons.vm
2022-07-09 00:47:28,843 - ResourceManager : found /templates/macros/report/expandAllButtons.vm with loader org.apache.velocity.runtime.resource.loader.ClasspathResourceLoader
2022-07-09 00:47:28,846 - Velocimacro : added VM includeReportTable: source=/templates/macros/report/reportTable.vm
2022-07-09 00:47:28,846 - ResourceManager : found /templates/macros/report/reportTable.vm with loader org.apache.velocity.runtime.resource.loader.ClasspathResourceLoader
2022-07-09 00:47:28,846 - Velocimacro : added VM includeReportHeader: source=/templates/macros/report/reportHeader.vm
2022-07-09 00:47:28,846 - ResourceManager : found /templates/macros/report/reportHeader.vm with loader org.apache.velocity.runtime.resource.loader.ClasspathResourceLoader
2022-07-09 00:47:28,850 - Velocimacro : added VM includeStatsTable: source=/templates/macros/report/statsTable.vm
2022-07-09 00:47:28,850 - ResourceManager : found /templates/macros/report/statsTable.vm with loader org.apache.velocity.runtime.resource.loader.ClasspathResourceLoader
2022-07-09 00:47:28,851 - Velocimacro : added VM includeBrief: source=/templates/macros/json/brief.vm
2022-07-09 00:47:28,851 - ResourceManager : found /templates/macros/json/brief.vm with loader org.apache.velocity.runtime.resource.loader.ClasspathResourceLoader
2022-07-09 00:47:28,852 - Velocimacro : added VM includeDocString: source=/templates/macros/json/docstring.vm
2022-07-09 00:47:28,852 - ResourceManager : found /templates/macros/json/docstring.vm with loader org.apache.velocity.runtime.resource.loader.ClasspathResourceLoader
2022-07-09 00:47:28,853 - Velocimacro : added VM includeDuration: source=/templates/macros/json/duration.vm
2022-07-09 00:47:28,853 - ResourceManager : found /templates/macros/json/duration.vm with loader org.apache.velocity.runtime.resource.loader.ClasspathResourceLoader
2022-07-09 00:47:28,855 - Velocimacro : added VM includeElement: source=/templates/macros/json/element.vm
2022-07-09 00:47:28,855 - ResourceManager : found /templates/macros/json/element.vm with loader org.apache.velocity.runtime.resource.loader.ClasspathResourceLoader
2022-07-09 00:47:28,859 - Velocimacro : added VM includeEmbeddings: source=/templates/macros/json/embeddings.vm
2022-07-09 00:47:28,859 - Velocimacro : added VM includeHtmlEmbedding: source=/templates/macros/json/embeddings.vm
2022-07-09 00:47:28,859 - Velocimacro : added VM includeVideoEmbedding: source=/templates/macros/json/embeddings.vm
2022-07-09 00:47:28,859 - Velocimacro : added VM includeImageEmbedding: source=/templates/macros/json/embeddings.vm
2022-07-09 00:47:28,860 - Velocimacro : added VM includeImageReferenceEmbedding: source=/templates/macros/json/embeddings.vm
2022-07-09 00:47:28,860 - Velocimacro : added VM includeTextEmbedding: source=/templates/macros/json/embeddings.vm
2022-07-09 00:47:28,860 - Velocimacro : added VM includeUnknownEmbedding: source=/templates/macros/json/embeddings.vm
2022-07-09 00:47:28,860 - ResourceManager : found /templates/macros/json/embeddings.vm with loader org.apache.velocity.runtime.resource.loader.ClasspathResourceLoader
2022-07-09 00:47:28,861 - Velocimacro : added VM includeHooks: source=/templates/macros/json/hooks.vm
2022-07-09 00:47:28,861 - ResourceManager : found /templates/macros/json/hooks.vm with loader org.apache.velocity.runtime.resource.loader.ClasspathResourceLoader
2022-07-09 00:47:28,862 - Velocimacro : added VM includeOutput: source=/templates/macros/json/output.vm
2022-07-09 00:47:28,862 - ResourceManager : found /templates/macros/json/output.vm with loader org.apache.velocity.runtime.resource.loader.ClasspathResourceLoader
2022-07-09 00:47:28,863 - Velocimacro : added VM includeMessage: source=/templates/macros/json/message.vm
2022-07-09 00:47:28,863 - ResourceManager : found /templates/macros/json/message.vm with loader org.apache.velocity.runtime.resource.loader.ClasspathResourceLoader
2022-07-09 00:47:28,864 - Velocimacro : added VM includeSteps: source=/templates/macros/json/steps.vm
2022-07-09 00:47:28,864 - ResourceManager : found /templates/macros/json/steps.vm with loader org.apache.velocity.runtime.resource.loader.ClasspathResourceLoader
2022-07-09 00:47:28,864 - Velocimacro : added VM includeStepName: source=/templates/macros/json/stepName.vm
2022-07-09 00:47:28,864 - ResourceManager : found /templates/macros/json/stepName.vm with loader org.apache.velocity.runtime.resource.loader.ClasspathResourceLoader
2022-07-09 00:47:28,864 - Velocimacro : added VM includeTags: source=/templates/macros/json/tags.vm
2022-07-09 00:47:28,864 - ResourceManager : found /templates/macros/json/tags.vm with loader org.apache.velocity.runtime.resource.loader.ClasspathResourceLoader
2022-07-09 00:47:28,871 - VM #includeNavigation: too few arguments to macro. Wanted 1 got 0
2022-07-09 00:47:28,871 - Left side ($active_tab) of '==' operation has null value. If it is a reference, it may not be in the context or its toString() returned null. /templates/macros/page/navigation.vm[line 14, column 51]
2022-07-09 00:47:28,871 - Left side ($active_tab) of '==' operation has null value. If it is a reference, it may not be in the context or its toString() returned null. /templates/macros/page/navigation.vm[line 15, column 51]
2022-07-09 00:47:28,871 - Left side ($active_tab) of '==' operation has null value. If it is a reference, it may not be in the context or its toString() returned null. /templates/macros/page/navigation.vm[line 16, column 51]
2022-07-09 00:47:28,871 - Left side ($active_tab) of '==' operation has null value. If it is a reference, it may not be in the context or its toString() returned null. /templates/macros/page/navigation.vm[line 20, column 51]
2022-07-09 00:47:28,881 - ResourceManager : found /templates/footer.vm with loader org.apache.velocity.runtime.resource.loader.ClasspathResourceLoader
2022-07-15 07:38:07,974 - Log4JLogChute initialized using file 'target\velocity.log'
2022-07-15 07:38:07,975 - Initializing Velocity, Calling init()...
2022-07-15 07:38:07,975 - Starting Apache Velocity v1.7 (compiled: 2010-11-19 12:14:37)
2022-07-15 07:38:07,975 - Default Properties File: org\apache\velocity\runtime\defaults\velocity.properties
2022-07-15 07:38:07,975 - Trying to use logger class org.apache.velocity.runtime.log.AvalonLogChute
2022-07-15 07:38:07,975 - Target log system for org.apache.velocity.runtime.log.AvalonLogChute is not available (java.lang.NoClassDefFoundError: org/apache/log/format/Formatter).  Falling back to next log system...
2022-07-15 07:38:07,975 - Trying to use logger class org.apache.velocity.runtime.log.Log4JLogChute
2022-07-15 07:38:07,975 - Using logger class org.apache.velocity.runtime.log.Log4JLogChute
2022-07-15 07:38:07,976 - ResourceLoader instantiated: org.apache.velocity.runtime.resource.loader.ClasspathResourceLoader
2022-07-15 07:38:07,984 - ResourceCache: initialized (class org.apache.velocity.runtime.resource.ResourceCacheImpl) with class java.util.Collections$SynchronizedMap cache map.
2022-07-15 07:38:07,985 - Loaded System Directive: org.apache.velocity.runtime.directive.Stop
2022-07-15 07:38:07,986 - Loaded System Directive: org.apache.velocity.runtime.directive.Define
2022-07-15 07:38:07,986 - Loaded System Directive: org.apache.velocity.runtime.directive.Break
2022-07-15 07:38:07,987 - Loaded System Directive: org.apache.velocity.runtime.directive.Evaluate
2022-07-15 07:38:07,987 - Loaded System Directive: org.apache.velocity.runtime.directive.Literal
2022-07-15 07:38:07,988 - Loaded System Directive: org.apache.velocity.runtime.directive.Macro
2022-07-15 07:38:07,988 - Loaded System Directive: org.apache.velocity.runtime.directive.Parse
2022-07-15 07:38:07,989 - Loaded System Directive: org.apache.velocity.runtime.directive.Include
2022-07-15 07:38:07,990 - Loaded System Directive: org.apache.velocity.runtime.directive.Foreach
2022-07-15 07:38:08,012 - Created '20' parsers.
2022-07-15 07:38:08,015 - Velocimacro : "velocimacro.library" is not set.  Trying default library: VM_global_library.vm
2022-07-15 07:38:08,016 - Could not load resource 'VM_global_library.vm' from ResourceLoader org.apache.velocity.runtime.resource.loader.ClasspathResourceLoader: ClasspathResourceLoader Error: cannot find resource VM_global_library.vm
2022-07-15 07:38:08,016 - Velocimacro : Default library not found.
2022-07-15 07:38:08,016 - Velocimacro : allowInline = true : VMs can be defined inline in templates
2022-07-15 07:38:08,016 - Velocimacro : allowInlineToOverride = false : VMs defined inline may NOT replace previous VM definitions
2022-07-15 07:38:08,016 - Velocimacro : allowInlineLocal = false : VMs defined inline will be global in scope if allowed.
2022-07-15 07:38:08,016 - Velocimacro : autoload off : VM system will not automatically reload global library macros
2022-07-15 07:38:08,088 - ResourceManager : found templates/generators/errorpage.vm with loader org.apache.velocity.runtime.resource.loader.ClasspathResourceLoader
2022-07-15 07:38:08,090 - ResourceManager : found /templates/headers.vm with loader org.apache.velocity.runtime.resource.loader.ClasspathResourceLoader
2022-07-15 07:38:08,090 - ResourceManager : found /templates/head.vm with loader org.apache.velocity.runtime.resource.loader.ClasspathResourceLoader
2022-07-15 07:38:08,091 - Velocimacro : added VM stringArray: source=/templates/macros/array.js.vm
2022-07-15 07:38:08,091 - Velocimacro : added VM numberArray: source=/templates/macros/array.js.vm
2022-07-15 07:38:08,091 - ResourceManager : found /templates/macros/array.js.vm with loader org.apache.velocity.runtime.resource.loader.ClasspathResourceLoader
2022-07-15 07:38:08,092 - Velocimacro : added VM includeBuildInfo: source=/templates/macros/page/buildinfo.vm
2022-07-15 07:38:08,092 - ResourceManager : found /templates/macros/page/buildinfo.vm with loader org.apache.velocity.runtime.resource.loader.ClasspathResourceLoader
2022-07-15 07:38:08,094 - Velocimacro : added VM includeClassifications: source=/templates/macros/page/classifications.vm
2022-07-15 07:38:08,094 - ResourceManager : found /templates/macros/page/classifications.vm with loader org.apache.velocity.runtime.resource.loader.ClasspathResourceLoader
2022-07-15 07:38:08,095 - Velocimacro : added VM includeLead: source=/templates/macros/page/lead.vm
2022-07-15 07:38:08,095 - ResourceManager : found /templates/macros/page/lead.vm with loader org.apache.velocity.runtime.resource.loader.ClasspathResourceLoader
2022-07-15 07:38:08,096 - Velocimacro : added VM includeNavigation: source=/templates/macros/page/navigation.vm
2022-07-15 07:38:08,096 - ResourceManager : found /templates/macros/page/navigation.vm with loader org.apache.velocity.runtime.resource.loader.ClasspathResourceLoader
2022-07-15 07:38:08,097 - Velocimacro : added VM includeReportInfo: source=/templates/macros/page/reportInfo.vm
2022-07-15 07:38:08,097 - ResourceManager : found /templates/macros/page/reportInfo.vm with loader org.apache.velocity.runtime.resource.loader.ClasspathResourceLoader
2022-07-15 07:38:08,098 - Velocimacro : added VM includeTitle: source=/templates/macros/page/title.vm
2022-07-15 07:38:08,098 - ResourceManager : found /templates/macros/page/title.vm with loader org.apache.velocity.runtime.resource.loader.ClasspathResourceLoader
2022-07-15 07:38:08,098 - Velocimacro : added VM includeExpandingButtons: source=/templates/macros/report/expandAllButtons.vm
2022-07-15 07:38:08,098 - ResourceManager : found /templates/macros/report/expandAllButtons.vm with loader org.apache.velocity.runtime.resource.loader.ClasspathResourceLoader
2022-07-15 07:38:08,102 - Velocimacro : added VM includeReportTable: source=/templates/macros/report/reportTable.vm
2022-07-15 07:38:08,102 - ResourceManager : found /templates/macros/report/reportTable.vm with loader org.apache.velocity.runtime.resource.loader.ClasspathResourceLoader
2022-07-15 07:38:08,103 - Velocimacro : added VM includeReportHeader: source=/templates/macros/report/reportHeader.vm
2022-07-15 07:38:08,103 - ResourceManager : found /templates/macros/report/reportHeader.vm with loader org.apache.velocity.runtime.resource.loader.ClasspathResourceLoader
2022-07-15 07:38:08,107 - Velocimacro : added VM includeStatsTable: source=/templates/macros/report/statsTable.vm
2022-07-15 07:38:08,108 - ResourceManager : found /templates/macros/report/statsTable.vm with loader org.apache.velocity.runtime.resource.loader.ClasspathResourceLoader
2022-07-15 07:38:08,108 - Velocimacro : added VM includeBrief: source=/templates/macros/json/brief.vm
2022-07-15 07:38:08,108 - ResourceManager : found /templates/macros/json/brief.vm with loader org.apache.velocity.runtime.resource.loader.ClasspathResourceLoader
2022-07-15 07:38:08,109 - Velocimacro : added VM includeDocString: source=/templates/macros/json/docstring.vm
2022-07-15 07:38:08,109 - ResourceManager : found /templates/macros/json/docstring.vm with loader org.apache.velocity.runtime.resource.loader.ClasspathResourceLoader
2022-07-15 07:38:08,109 - Velocimacro : added VM includeDuration: source=/templates/macros/json/duration.vm
2022-07-15 07:38:08,109 - ResourceManager : found /templates/macros/json/duration.vm with loader org.apache.velocity.runtime.resource.loader.ClasspathResourceLoader
2022-07-15 07:38:08,111 - Velocimacro : added VM includeElement: source=/templates/macros/json/element.vm
2022-07-15 07:38:08,111 - ResourceManager : found /templates/macros/json/element.vm with loader org.apache.velocity.runtime.resource.loader.ClasspathResourceLoader
2022-07-15 07:38:08,116 - Velocimacro : added VM includeEmbeddings: source=/templates/macros/json/embeddings.vm
2022-07-15 07:38:08,116 - Velocimacro : added VM includeHtmlEmbedding: source=/templates/macros/json/embeddings.vm
2022-07-15 07:38:08,116 - Velocimacro : added VM includeVideoEmbedding: source=/templates/macros/json/embeddings.vm
2022-07-15 07:38:08,116 - Velocimacro : added VM includeImageEmbedding: source=/templates/macros/json/embeddings.vm
2022-07-15 07:38:08,116 - Velocimacro : added VM includeImageReferenceEmbedding: source=/templates/macros/json/embeddings.vm
2022-07-15 07:38:08,116 - Velocimacro : added VM includeTextEmbedding: source=/templates/macros/json/embeddings.vm
2022-07-15 07:38:08,116 - Velocimacro : added VM includeUnknownEmbedding: source=/templates/macros/json/embeddings.vm
2022-07-15 07:38:08,116 - ResourceManager : found /templates/macros/json/embeddings.vm with loader org.apache.velocity.runtime.resource.loader.ClasspathResourceLoader
2022-07-15 07:38:08,117 - Velocimacro : added VM includeHooks: source=/templates/macros/json/hooks.vm
2022-07-15 07:38:08,117 - ResourceManager : found /templates/macros/json/hooks.vm with loader org.apache.velocity.runtime.resource.loader.ClasspathResourceLoader
2022-07-15 07:38:08,119 - Velocimacro : added VM includeOutput: source=/templates/macros/json/output.vm
2022-07-15 07:38:08,119 - ResourceManager : found /templates/macros/json/output.vm with loader org.apache.velocity.runtime.resource.loader.ClasspathResourceLoader
2022-07-15 07:38:08,119 - Velocimacro : added VM includeMessage: source=/templates/macros/json/message.vm
2022-07-15 07:38:08,119 - ResourceManager : found /templates/macros/json/message.vm with loader org.apache.velocity.runtime.resource.loader.ClasspathResourceLoader
2022-07-15 07:38:08,121 - Velocimacro : added VM includeSteps: source=/templates/macros/json/steps.vm
2022-07-15 07:38:08,121 - ResourceManager : found /templates/macros/json/steps.vm with loader org.apache.velocity.runtime.resource.loader.ClasspathResourceLoader
2022-07-15 07:38:08,121 - Velocimacro : added VM includeStepName: source=/templates/macros/json/stepName.vm
2022-07-15 07:38:08,121 - ResourceManager : found /templates/macros/json/stepName.vm with loader org.apache.velocity.runtime.resource.loader.ClasspathResourceLoader
2022-07-15 07:38:08,121 - Velocimacro : added VM includeTags: source=/templates/macros/json/tags.vm
2022-07-15 07:38:08,121 - ResourceManager : found /templates/macros/json/tags.vm with loader org.apache.velocity.runtime.resource.loader.ClasspathResourceLoader
2022-07-15 07:38:08,126 - VM #includeNavigation: too few arguments to macro. Wanted 1 got 0
2022-07-15 07:38:08,126 - Left side ($active_tab) of '==' operation has null value. If it is a reference, it may not be in the context or its toString() returned null. /templates/macros/page/navigation.vm[line 14, column 51]
2022-07-15 07:38:08,126 - Left side ($active_tab) of '==' operation has null value. If it is a reference, it may not be in the context or its toString() returned null. /templates/macros/page/navigation.vm[line 15, column 51]
2022-07-15 07:38:08,126 - Left side ($active_tab) of '==' operation has null value. If it is a reference, it may not be in the context or its toString() returned null. /templates/macros/page/navigation.vm[line 16, column 51]
2022-07-15 07:38:08,126 - Left side ($active_tab) of '==' operation has null value. If it is a reference, it may not be in the context or its toString() returned null. /templates/macros/page/navigation.vm[line 20, column 51]
2022-07-15 07:38:08,136 - ResourceManager : found /templates/footer.vm with loader org.apache.velocity.runtime.resource.loader.ClasspathResourceLoader
2022-07-16 01:01:38,527 - Log4JLogChute initialized using file 'target\velocity.log'
2022-07-16 01:01:38,539 - Initializing Velocity, Calling init()...
2022-07-16 01:01:38,539 - Starting Apache Velocity v1.7 (compiled: 2010-11-19 12:14:37)
2022-07-16 01:01:38,539 - Default Properties File: org\apache\velocity\runtime\defaults\velocity.properties
2022-07-16 01:01:38,539 - Trying to use logger class org.apache.velocity.runtime.log.AvalonLogChute
2022-07-16 01:01:38,539 - Target log system for org.apache.velocity.runtime.log.AvalonLogChute is not available (java.lang.NoClassDefFoundError: org/apache/log/format/Formatter).  Falling back to next log system...
2022-07-16 01:01:38,539 - Trying to use logger class org.apache.velocity.runtime.log.Log4JLogChute
2022-07-16 01:01:38,539 - Using logger class org.apache.velocity.runtime.log.Log4JLogChute
2022-07-16 01:01:38,541 - ResourceLoader instantiated: org.apache.velocity.runtime.resource.loader.ClasspathResourceLoader
2022-07-16 01:01:38,550 - ResourceCache: initialized (class org.apache.velocity.runtime.resource.ResourceCacheImpl) with class java.util.Collections$SynchronizedMap cache map.
2022-07-16 01:01:38,550 - Loaded System Directive: org.apache.velocity.runtime.directive.Stop
2022-07-16 01:01:38,551 - Loaded System Directive: org.apache.velocity.runtime.directive.Define
2022-07-16 01:01:38,551 - Loaded System Directive: org.apache.velocity.runtime.directive.Break
2022-07-16 01:01:38,551 - Loaded System Directive: org.apache.velocity.runtime.directive.Evaluate
2022-07-16 01:01:38,551 - Loaded System Directive: org.apache.velocity.runtime.directive.Literal
2022-07-16 01:01:38,552 - Loaded System Directive: org.apache.velocity.runtime.directive.Macro
2022-07-16 01:01:38,552 - Loaded System Directive: org.apache.velocity.runtime.directive.Parse
2022-07-16 01:01:38,553 - Loaded System Directive: org.apache.velocity.runtime.directive.Include
2022-07-16 01:01:38,553 - Loaded System Directive: org.apache.velocity.runtime.directive.Foreach
2022-07-16 01:01:38,567 - Created '20' parsers.
2022-07-16 01:01:38,569 - Velocimacro : "velocimacro.library" is not set.  Trying default library: VM_global_library.vm
2022-07-16 01:01:38,569 - Could not load resource 'VM_global_library.vm' from ResourceLoader org.apache.velocity.runtime.resource.loader.ClasspathResourceLoader: ClasspathResourceLoader Error: cannot find resource VM_global_library.vm
2022-07-16 01:01:38,569 - Velocimacro : Default library not found.
2022-07-16 01:01:38,569 - Velocimacro : allowInline = true : VMs can be defined inline in templates
2022-07-16 01:01:38,569 - Velocimacro : allowInlineToOverride = false : VMs defined inline may NOT replace previous VM definitions
2022-07-16 01:01:38,569 - Velocimacro : allowInlineLocal = false : VMs defined inline will be global in scope if allowed.
2022-07-16 01:01:38,569 - Velocimacro : autoload off : VM system will not automatically reload global library macros
2022-07-16 01:01:38,618 - ResourceManager : found templates/generators/errorpage.vm with loader org.apache.velocity.runtime.resource.loader.ClasspathResourceLoader
2022-07-16 01:01:38,622 - ResourceManager : found /templates/headers.vm with loader org.apache.velocity.runtime.resource.loader.ClasspathResourceLoader
2022-07-16 01:01:38,623 - ResourceManager : found /templates/head.vm with loader org.apache.velocity.runtime.resource.loader.ClasspathResourceLoader
2022-07-16 01:01:38,624 - Velocimacro : added VM stringArray: source=/templates/macros/array.js.vm
2022-07-16 01:01:38,624 - Velocimacro : added VM numberArray: source=/templates/macros/array.js.vm
2022-07-16 01:01:38,624 - ResourceManager : found /templates/macros/array.js.vm with loader org.apache.velocity.runtime.resource.loader.ClasspathResourceLoader
2022-07-16 01:01:38,625 - Velocimacro : added VM includeBuildInfo: source=/templates/macros/page/buildinfo.vm
2022-07-16 01:01:38,625 - ResourceManager : found /templates/macros/page/buildinfo.vm with loader org.apache.velocity.runtime.resource.loader.ClasspathResourceLoader
2022-07-16 01:01:38,627 - Velocimacro : added VM includeClassifications: source=/templates/macros/page/classifications.vm
2022-07-16 01:01:38,627 - ResourceManager : found /templates/macros/page/classifications.vm with loader org.apache.velocity.runtime.resource.loader.ClasspathResourceLoader
2022-07-16 01:01:38,627 - Velocimacro : added VM includeLead: source=/templates/macros/page/lead.vm
2022-07-16 01:01:38,627 - ResourceManager : found /templates/macros/page/lead.vm with loader org.apache.velocity.runtime.resource.loader.ClasspathResourceLoader
2022-07-16 01:01:38,629 - Velocimacro : added VM includeNavigation: source=/templates/macros/page/navigation.vm
2022-07-16 01:01:38,629 - ResourceManager : found /templates/macros/page/navigation.vm with loader org.apache.velocity.runtime.resource.loader.ClasspathResourceLoader
2022-07-16 01:01:38,630 - Velocimacro : added VM includeReportInfo: source=/templates/macros/page/reportInfo.vm
2022-07-16 01:01:38,630 - ResourceManager : found /templates/macros/page/reportInfo.vm with loader org.apache.velocity.runtime.resource.loader.ClasspathResourceLoader
2022-07-16 01:01:38,631 - Velocimacro : added VM includeTitle: source=/templates/macros/page/title.vm
2022-07-16 01:01:38,631 - ResourceManager : found /templates/macros/page/title.vm with loader org.apache.velocity.runtime.resource.loader.ClasspathResourceLoader
2022-07-16 01:01:38,632 - Velocimacro : added VM includeExpandingButtons: source=/templates/macros/report/expandAllButtons.vm
2022-07-16 01:01:38,632 - ResourceManager : found /templates/macros/report/expandAllButtons.vm with loader org.apache.velocity.runtime.resource.loader.ClasspathResourceLoader
2022-07-16 01:01:38,634 - Velocimacro : added VM includeReportTable: source=/templates/macros/report/reportTable.vm
2022-07-16 01:01:38,634 - ResourceManager : found /templates/macros/report/reportTable.vm with loader org.apache.velocity.runtime.resource.loader.ClasspathResourceLoader
2022-07-16 01:01:38,636 - Velocimacro : added VM includeReportHeader: source=/templates/macros/report/reportHeader.vm
2022-07-16 01:01:38,636 - ResourceManager : found /templates/macros/report/reportHeader.vm with loader org.apache.velocity.runtime.resource.loader.ClasspathResourceLoader
2022-07-16 01:01:38,638 - Velocimacro : added VM includeStatsTable: source=/templates/macros/report/statsTable.vm
2022-07-16 01:01:38,638 - ResourceManager : found /templates/macros/report/statsTable.vm with loader org.apache.velocity.runtime.resource.loader.ClasspathResourceLoader
2022-07-16 01:01:38,638 - Velocimacro : added VM includeBrief: source=/templates/macros/json/brief.vm
2022-07-16 01:01:38,638 - ResourceManager : found /templates/macros/json/brief.vm with loader org.apache.velocity.runtime.resource.loader.ClasspathResourceLoader
2022-07-16 01:01:38,639 - Velocimacro : added VM includeDocString: source=/templates/macros/json/docstring.vm
2022-07-16 01:01:38,639 - ResourceManager : found /templates/macros/json/docstring.vm with loader org.apache.velocity.runtime.resource.loader.ClasspathResourceLoader
2022-07-16 01:01:38,639 - Velocimacro : added VM includeDuration: source=/templates/macros/json/duration.vm
2022-07-16 01:01:38,639 - ResourceManager : found /templates/macros/json/duration.vm with loader org.apache.velocity.runtime.resource.loader.ClasspathResourceLoader
2022-07-16 01:01:38,640 - Velocimacro : added VM includeElement: source=/templates/macros/json/element.vm
2022-07-16 01:01:38,640 - ResourceManager : found /templates/macros/json/element.vm with loader org.apache.velocity.runtime.resource.loader.ClasspathResourceLoader
2022-07-16 01:01:38,644 - Velocimacro : added VM includeEmbeddings: source=/templates/macros/json/embeddings.vm
2022-07-16 01:01:38,644 - Velocimacro : added VM includeHtmlEmbedding: source=/templates/macros/json/embeddings.vm
2022-07-16 01:01:38,645 - Velocimacro : added VM includeVideoEmbedding: source=/templates/macros/json/embeddings.vm
2022-07-16 01:01:38,645 - Velocimacro : added VM includeImageEmbedding: source=/templates/macros/json/embeddings.vm
2022-07-16 01:01:38,645 - Velocimacro : added VM includeImageReferenceEmbedding: source=/templates/macros/json/embeddings.vm
2022-07-16 01:01:38,645 - Velocimacro : added VM includeTextEmbedding: source=/templates/macros/json/embeddings.vm
2022-07-16 01:01:38,645 - Velocimacro : added VM includeUnknownEmbedding: source=/templates/macros/json/embeddings.vm
2022-07-16 01:01:38,645 - ResourceManager : found /templates/macros/json/embeddings.vm with loader org.apache.velocity.runtime.resource.loader.ClasspathResourceLoader
2022-07-16 01:01:38,646 - Velocimacro : added VM includeHooks: source=/templates/macros/json/hooks.vm
2022-07-16 01:01:38,646 - ResourceManager : found /templates/macros/json/hooks.vm with loader org.apache.velocity.runtime.resource.loader.ClasspathResourceLoader
2022-07-16 01:01:38,647 - Velocimacro : added VM includeOutput: source=/templates/macros/json/output.vm
2022-07-16 01:01:38,647 - ResourceManager : found /templates/macros/json/output.vm with loader org.apache.velocity.runtime.resource.loader.ClasspathResourceLoader
2022-07-16 01:01:38,648 - Velocimacro : added VM includeMessage: source=/templates/macros/json/message.vm
2022-07-16 01:01:38,648 - ResourceManager : found /templates/macros/json/message.vm with loader org.apache.velocity.runtime.resource.loader.ClasspathResourceLoader
2022-07-16 01:01:38,649 - Velocimacro : added VM includeSteps: source=/templates/macros/json/steps.vm
2022-07-16 01:01:38,649 - ResourceManager : found /templates/macros/json/steps.vm with loader org.apache.velocity.runtime.resource.loader.ClasspathResourceLoader
2022-07-16 01:01:38,650 - Velocimacro : added VM includeStepName: source=/templates/macros/json/stepName.vm
2022-07-16 01:01:38,650 - ResourceManager : found /templates/macros/json/stepName.vm with loader org.apache.velocity.runtime.resource.loader.ClasspathResourceLoader
2022-07-16 01:01:38,650 - Velocimacro : added VM includeTags: source=/templates/macros/json/tags.vm
2022-07-16 01:01:38,650 - ResourceManager : found /templates/macros/json/tags.vm with loader org.apache.velocity.runtime.resource.loader.ClasspathResourceLoader
2022-07-16 01:01:38,657 - VM #includeNavigation: too few arguments to macro. Wanted 1 got 0
2022-07-16 01:01:38,658 - Left side ($active_tab) of '==' operation has null value. If it is a reference, it may not be in the context or its toString() returned null. /templates/macros/page/navigation.vm[line 14, column 51]
2022-07-16 01:01:38,658 - Left side ($active_tab) of '==' operation has null value. If it is a reference, it may not be in the context or its toString() returned null. /templates/macros/page/navigation.vm[line 15, column 51]
2022-07-16 01:01:38,658 - Left side ($active_tab) of '==' operation has null value. If it is a reference, it may not be in the context or its toString() returned null. /templates/macros/page/navigation.vm[line 16, column 51]
2022-07-16 01:01:38,658 - Left side ($active_tab) of '==' operation has null value. If it is a reference, it may not be in the context or its toString() returned null. /templates/macros/page/navigation.vm[line 20, column 51]
2022-07-16 01:01:38,668 - ResourceManager : found /templates/footer.vm with loader org.apache.velocity.runtime.resource.loader.ClasspathResourceLoader
2022-07-16 01:08:50,533 - Log4JLogChute initialized using file 'target\velocity.log'
2022-07-16 01:08:50,533 - Initializing Velocity, Calling init()...
2022-07-16 01:08:50,533 - Starting Apache Velocity v1.7 (compiled: 2010-11-19 12:14:37)
2022-07-16 01:08:50,533 - Default Properties File: org\apache\velocity\runtime\defaults\velocity.properties
2022-07-16 01:08:50,533 - Trying to use logger class org.apache.velocity.runtime.log.AvalonLogChute
2022-07-16 01:08:50,533 - Target log system for org.apache.velocity.runtime.log.AvalonLogChute is not available (java.lang.NoClassDefFoundError: org/apache/log/format/Formatter).  Falling back to next log system...
2022-07-16 01:08:50,533 - Trying to use logger class org.apache.velocity.runtime.log.Log4JLogChute
2022-07-16 01:08:50,533 - Using logger class org.apache.velocity.runtime.log.Log4JLogChute
2022-07-16 01:08:50,534 - ResourceLoader instantiated: org.apache.velocity.runtime.resource.loader.ClasspathResourceLoader
2022-07-16 01:08:50,539 - ResourceCache: initialized (class org.apache.velocity.runtime.resource.ResourceCacheImpl) with class java.util.Collections$SynchronizedMap cache map.
2022-07-16 01:08:50,540 - Loaded System Directive: org.apache.velocity.runtime.directive.Stop
2022-07-16 01:08:50,540 - Loaded System Directive: org.apache.velocity.runtime.directive.Define
2022-07-16 01:08:50,540 - Loaded System Directive: org.apache.velocity.runtime.directive.Break
2022-07-16 01:08:50,541 - Loaded System Directive: org.apache.velocity.runtime.directive.Evaluate
2022-07-16 01:08:50,541 - Loaded System Directive: org.apache.velocity.runtime.directive.Literal
2022-07-16 01:08:50,541 - Loaded System Directive: org.apache.velocity.runtime.directive.Macro
2022-07-16 01:08:50,542 - Loaded System Directive: org.apache.velocity.runtime.directive.Parse
2022-07-16 01:08:50,542 - Loaded System Directive: org.apache.velocity.runtime.directive.Include
2022-07-16 01:08:50,543 - Loaded System Directive: org.apache.velocity.runtime.directive.Foreach
2022-07-16 01:08:50,556 - Created '20' parsers.
2022-07-16 01:08:50,558 - Velocimacro : "velocimacro.library" is not set.  Trying default library: VM_global_library.vm
2022-07-16 01:08:50,558 - Could not load resource 'VM_global_library.vm' from ResourceLoader org.apache.velocity.runtime.resource.loader.ClasspathResourceLoader: ClasspathResourceLoader Error: cannot find resource VM_global_library.vm
2022-07-16 01:08:50,558 - Velocimacro : Default library not found.
2022-07-16 01:08:50,558 - Velocimacro : allowInline = true : VMs can be defined inline in templates
2022-07-16 01:08:50,558 - Velocimacro : allowInlineToOverride = false : VMs defined inline may NOT replace previous VM definitions
2022-07-16 01:08:50,558 - Velocimacro : allowInlineLocal = false : VMs defined inline will be global in scope if allowed.
2022-07-16 01:08:50,558 - Velocimacro : autoload off : VM system will not automatically reload global library macros
2022-07-16 01:08:50,607 - ResourceManager : found templates/generators/errorpage.vm with loader org.apache.velocity.runtime.resource.loader.ClasspathResourceLoader
2022-07-16 01:08:50,609 - ResourceManager : found /templates/headers.vm with loader org.apache.velocity.runtime.resource.loader.ClasspathResourceLoader
2022-07-16 01:08:50,610 - ResourceManager : found /templates/head.vm with loader org.apache.velocity.runtime.resource.loader.ClasspathResourceLoader
2022-07-16 01:08:50,611 - Velocimacro : added VM stringArray: source=/templates/macros/array.js.vm
2022-07-16 01:08:50,611 - Velocimacro : added VM numberArray: source=/templates/macros/array.js.vm
2022-07-16 01:08:50,611 - ResourceManager : found /templates/macros/array.js.vm with loader org.apache.velocity.runtime.resource.loader.ClasspathResourceLoader
2022-07-16 01:08:50,612 - Velocimacro : added VM includeBuildInfo: source=/templates/macros/page/buildinfo.vm
2022-07-16 01:08:50,612 - ResourceManager : found /templates/macros/page/buildinfo.vm with loader org.apache.velocity.runtime.resource.loader.ClasspathResourceLoader
2022-07-16 01:08:50,613 - Velocimacro : added VM includeClassifications: source=/templates/macros/page/classifications.vm
2022-07-16 01:08:50,614 - ResourceManager : found /templates/macros/page/classifications.vm with loader org.apache.velocity.runtime.resource.loader.ClasspathResourceLoader
2022-07-16 01:08:50,614 - Velocimacro : added VM includeLead: source=/templates/macros/page/lead.vm
2022-07-16 01:08:50,614 - ResourceManager : found /templates/macros/page/lead.vm with loader org.apache.velocity.runtime.resource.loader.ClasspathResourceLoader
2022-07-16 01:08:50,615 - Velocimacro : added VM includeNavigation: source=/templates/macros/page/navigation.vm
2022-07-16 01:08:50,615 - ResourceManager : found /templates/macros/page/navigation.vm with loader org.apache.velocity.runtime.resource.loader.ClasspathResourceLoader
2022-07-16 01:08:50,616 - Velocimacro : added VM includeReportInfo: source=/templates/macros/page/reportInfo.vm
2022-07-16 01:08:50,617 - ResourceManager : found /templates/macros/page/reportInfo.vm with loader org.apache.velocity.runtime.resource.loader.ClasspathResourceLoader
2022-07-16 01:08:50,617 - Velocimacro : added VM includeTitle: source=/templates/macros/page/title.vm
2022-07-16 01:08:50,617 - ResourceManager : found /templates/macros/page/title.vm with loader org.apache.velocity.runtime.resource.loader.ClasspathResourceLoader
2022-07-16 01:08:50,618 - Velocimacro : added VM includeExpandingButtons: source=/templates/macros/report/expandAllButtons.vm
2022-07-16 01:08:50,618 - ResourceManager : found /templates/macros/report/expandAllButtons.vm with loader org.apache.velocity.runtime.resource.loader.ClasspathResourceLoader
2022-07-16 01:08:50,620 - Velocimacro : added VM includeReportTable: source=/templates/macros/report/reportTable.vm
2022-07-16 01:08:50,620 - ResourceManager : found /templates/macros/report/reportTable.vm with loader org.apache.velocity.runtime.resource.loader.ClasspathResourceLoader
2022-07-16 01:08:50,622 - Velocimacro : added VM includeReportHeader: source=/templates/macros/report/reportHeader.vm
2022-07-16 01:08:50,622 - ResourceManager : found /templates/macros/report/reportHeader.vm with loader org.apache.velocity.runtime.resource.loader.ClasspathResourceLoader
2022-07-16 01:08:50,625 - Velocimacro : added VM includeStatsTable: source=/templates/macros/report/statsTable.vm
2022-07-16 01:08:50,625 - ResourceManager : found /templates/macros/report/statsTable.vm with loader org.apache.velocity.runtime.resource.loader.ClasspathResourceLoader
2022-07-16 01:08:50,626 - Velocimacro : added VM includeBrief: source=/templates/macros/json/brief.vm
2022-07-16 01:08:50,626 - ResourceManager : found /templates/macros/json/brief.vm with loader org.apache.velocity.runtime.resource.loader.ClasspathResourceLoader
2022-07-16 01:08:50,626 - Velocimacro : added VM includeDocString: source=/templates/macros/json/docstring.vm
2022-07-16 01:08:50,627 - ResourceManager : found /templates/macros/json/docstring.vm with loader org.apache.velocity.runtime.resource.loader.ClasspathResourceLoader
2022-07-16 01:08:50,627 - Velocimacro : added VM includeDuration: source=/templates/macros/json/duration.vm
2022-07-16 01:08:50,627 - ResourceManager : found /templates/macros/json/duration.vm with loader org.apache.velocity.runtime.resource.loader.ClasspathResourceLoader
2022-07-16 01:08:50,629 - Velocimacro : added VM includeElement: source=/templates/macros/json/element.vm
2022-07-16 01:08:50,629 - ResourceManager : found /templates/macros/json/element.vm with loader org.apache.velocity.runtime.resource.loader.ClasspathResourceLoader
2022-07-16 01:08:50,633 - Velocimacro : added VM includeEmbeddings: source=/templates/macros/json/embeddings.vm
2022-07-16 01:08:50,633 - Velocimacro : added VM includeHtmlEmbedding: source=/templates/macros/json/embeddings.vm
2022-07-16 01:08:50,633 - Velocimacro : added VM includeVideoEmbedding: source=/templates/macros/json/embeddings.vm
2022-07-16 01:08:50,633 - Velocimacro : added VM includeImageEmbedding: source=/templates/macros/json/embeddings.vm
2022-07-16 01:08:50,633 - Velocimacro : added VM includeImageReferenceEmbedding: source=/templates/macros/json/embeddings.vm
2022-07-16 01:08:50,633 - Velocimacro : added VM includeTextEmbedding: source=/templates/macros/json/embeddings.vm
2022-07-16 01:08:50,633 - Velocimacro : added VM includeUnknownEmbedding: source=/templates/macros/json/embeddings.vm
2022-07-16 01:08:50,633 - ResourceManager : found /templates/macros/json/embeddings.vm with loader org.apache.velocity.runtime.resource.loader.ClasspathResourceLoader
2022-07-16 01:08:50,634 - Velocimacro : added VM includeHooks: source=/templates/macros/json/hooks.vm
2022-07-16 01:08:50,634 - ResourceManager : found /templates/macros/json/hooks.vm with loader org.apache.velocity.runtime.resource.loader.ClasspathResourceLoader
2022-07-16 01:08:50,635 - Velocimacro : added VM includeOutput: source=/templates/macros/json/output.vm
2022-07-16 01:08:50,635 - ResourceManager : found /templates/macros/json/output.vm with loader org.apache.velocity.runtime.resource.loader.ClasspathResourceLoader
2022-07-16 01:08:50,635 - Velocimacro : added VM includeMessage: source=/templates/macros/json/message.vm
2022-07-16 01:08:50,636 - ResourceManager : found /templates/macros/json/message.vm with loader org.apache.velocity.runtime.resource.loader.ClasspathResourceLoader
2022-07-16 01:08:50,636 - Velocimacro : added VM includeSteps: source=/templates/macros/json/steps.vm
2022-07-16 01:08:50,636 - ResourceManager : found /templates/macros/json/steps.vm with loader org.apache.velocity.runtime.resource.loader.ClasspathResourceLoader
2022-07-16 01:08:50,637 - Velocimacro : added VM includeStepName: source=/templates/macros/json/stepName.vm
2022-07-16 01:08:50,637 - ResourceManager : found /templates/macros/json/stepName.vm with loader org.apache.velocity.runtime.resource.loader.ClasspathResourceLoader
2022-07-16 01:08:50,638 - Velocimacro : added VM includeTags: source=/templates/macros/json/tags.vm
2022-07-16 01:08:50,638 - ResourceManager : found /templates/macros/json/tags.vm with loader org.apache.velocity.runtime.resource.loader.ClasspathResourceLoader
2022-07-16 01:08:50,643 - VM #includeNavigation: too few arguments to macro. Wanted 1 got 0
2022-07-16 01:08:50,643 - Left side ($active_tab) of '==' operation has null value. If it is a reference, it may not be in the context or its toString() returned null. /templates/macros/page/navigation.vm[line 14, column 51]
2022-07-16 01:08:50,643 - Left side ($active_tab) of '==' operation has null value. If it is a reference, it may not be in the context or its toString() returned null. /templates/macros/page/navigation.vm[line 15, column 51]
2022-07-16 01:08:50,643 - Left side ($active_tab) of '==' operation has null value. If it is a reference, it may not be in the context or its toString() returned null. /templates/macros/page/navigation.vm[line 16, column 51]
2022-07-16 01:08:50,643 - Left side ($active_tab) of '==' operation has null value. If it is a reference, it may not be in the context or its toString() returned null. /templates/macros/page/navigation.vm[line 20, column 51]
2022-07-16 01:08:50,654 - ResourceManager : found /templates/footer.vm with loader org.apache.velocity.runtime.resource.loader.ClasspathResourceLoader
